[INFO ] 2025-07-05 20:00:11.146 [main] factory.DriverFactory::intializeDriver::49 - Edge browser launched.
[INFO ] 2025-07-05 20:00:11.387 [main] factory.DriverFactory::intializeDriver::62 - Browser maximised.
[INFO ] 2025-07-05 20:00:11.411 [main] factory.DriverFactory::intializeDriver::64 - Implicit wait set to 10 seconds.
[INFO ] 2025-07-05 20:00:11.417 [main] factory.DriverFactory::intializeDriver::66 - Page load timeout set to 10 seconds.
[INFO ] 2025-07-05 20:00:11.431 [main] factory.DriverFactory::intializeDriver::68 - All browser cookies deleted.
[INFO ] 2025-07-05 20:00:11.432 [main] factory.DriverFactory::intializeDriver::69 - WebDriver initialization complete.
[INFO ] 2025-07-05 20:00:11.433 [main] base.BaseTest::initializeBrowser::22 - Navigating to url: 'https://automationexercise.com/'
[INFO ] 2025-07-05 20:00:16.599 [main] listeners.ReportListeners::onTestStart::79 - ********** Execution of 'testToRegisterUserWithNewEmail' test has started **********
[INFO ] 2025-07-05 20:00:16.599 [main] listeners.ReportListeners::onTestStart::80 - Test description -'Test Case 1: Register User'.
[INFO ] 2025-07-05 20:00:16.862 [main] pages.HomePage::isHomePageVisible::46 - Home page is visible.
[INFO ] 2025-07-05 20:00:18.269 [main] pages.NavigationBar::clickSignupLoginLink::33 - Clicked on Signup / Login Link.
[INFO ] 2025-07-05 20:00:18.325 [main] pages.SignupLoginPage::isNewUserSignupLabelVisible::144 - New user signup label is displayed on the Signup / login page
[INFO ] 2025-07-05 20:00:18.582 [main] pages.SignupLoginPage::getNewUserSignupLabelText::157 - New user signup text retrived is 'New User Signup!'.
[INFO ] 2025-07-05 20:00:18.759 [main] pages.SignupLoginPage::enterSignupName::171 - 'johndoe03' entered in the signup name text box.
[INFO ] 2025-07-05 20:00:18.926 [main] pages.SignupLoginPage::enterSignupEmail::185 - 'johndoe03@email.com' entered in the signup email text box.
[INFO ] 2025-07-05 20:00:20.214 [main] pages.SignupLoginPage::clickSignup::199 - Clicked on the Signup button.
[INFO ] 2025-07-05 20:00:20.268 [main] pages.SignupPage::isEnterAccountInformationLabelVisible::339 - Account information header is displayed on the Signup page
[INFO ] 2025-07-05 20:00:20.393 [main] pages.SignupPage::getEnterAccountInformationLabelText::352 - Account information header text retrived is 'ENTER ACCOUNT INFORMATION'.
[INFO ] 2025-07-05 20:00:20.663 [main] pages.SignupPage::selectTitle::48 - Clicked on the title: Mr
[INFO ] 2025-07-05 20:00:20.846 [main] pages.SignupPage::enterPassword::62 - 'johndoe' entered in the password text box.
[INFO ] 2025-07-05 20:00:21.049 [main] pages.SignupPage::selectDay::77 - '15' selected in the day dropdown list box.
[INFO ] 2025-07-05 20:00:21.233 [main] pages.SignupPage::selectMonth::92 - 'August' selected in the month dropdown list box.
[INFO ] 2025-07-05 20:00:21.477 [main] pages.SignupPage::selectYear::107 - '1990' selected in the year dropdown list box.
[INFO ] 2025-07-05 20:00:21.632 [main] pages.SignupPage::selectNewsLetter::122 - NewsLetter checkbox selected.
[INFO ] 2025-07-05 20:00:21.801 [main] pages.SignupPage::selectSpecialOffer::141 - Speical offer checkbox selected.
[INFO ] 2025-07-05 20:00:21.918 [main] pages.SignupPage::enterFirstName::159 - 'John' entered in the firstName text box.
[INFO ] 2025-07-05 20:00:22.143 [main] pages.SignupPage::enterLastName::173 - 'Doe' entered in the lastName text box.
[INFO ] 2025-07-05 20:00:22.363 [main] pages.SignupPage::enterCompany::187 - 'The Lawrence Company' entered in the company text box.
[INFO ] 2025-07-05 20:00:22.593 [main] pages.SignupPage::enterAddress1::201 - '1379, Spring Hill Rd' entered in the address1 text box.
[INFO ] 2025-07-05 20:00:22.775 [main] pages.SignupPage::enterAddress2::215 - 'Farend avenue' entered in the address2 text box.
[INFO ] 2025-07-05 20:00:22.953 [main] pages.SignupPage::selectCountry::230 - 'United States' selected in the country dropdown list box.
[INFO ] 2025-07-05 20:00:23.110 [main] pages.SignupPage::enterState::244 - 'AR' entered in the state text box.
[INFO ] 2025-07-05 20:00:23.295 [main] pages.SignupPage::enterCity::258 - 'Shreveport' entered in the city text box.
[INFO ] 2025-07-05 20:00:23.467 [main] pages.SignupPage::enterZipcode::272 - '50576' entered in the zipcode text box.
[INFO ] 2025-07-05 20:00:23.628 [main] pages.SignupPage::enterMobile::286 - '9999999999' entered in the mobile number text box.
[INFO ] 2025-07-05 20:00:25.816 [main] pages.SignupPage::clickCreateAccount::300 - Clicked on the Create Account button.
[INFO ] 2025-07-05 20:00:25.817 [main] pages.SignupPage::clickCreateAccount::302 - Navigating to Account created page.
[INFO ] 2025-07-05 20:00:25.860 [main] pages.AccountCreatedPage::isAccountCreatedLabelVisible::26 - Account created page header is displayed on the Account created page
[INFO ] 2025-07-05 20:00:25.904 [main] pages.AccountCreatedPage::getAccountCreatedLabelText::39 - Account created header text retrived is 'ACCOUNT CREATED!'.
[INFO ] 2025-07-05 20:00:28.669 [main] pages.AccountCreatedPage::clickContinue::53 - Clicked on the Continue button.
[INFO ] 2025-07-05 20:00:28.672 [main] pages.AccountCreatedPage::clickContinue::55 - Navigating to Home page.
[INFO ] 2025-07-05 20:00:28.755 [main] pages.NavigationBar::isLoggedInAsUsernameVisible::78 - 'Logged in as username' label is displayed on home page.
[INFO ] 2025-07-05 20:00:28.832 [main] pages.NavigationBar::getLoggedInAsUsernameText::92 - 'Logged in as username' text retrived is 'Logged in as johndoe03'.
[INFO ] 2025-07-05 20:00:30.083 [main] pages.NavigationBar::clickDeleteAccountLink::47 - Clicked on Delete Account Link.
[INFO ] 2025-07-05 20:00:30.085 [main] pages.NavigationBar::clickDeleteAccountLink::49 - Navigating to Account deleted page.
[INFO ] 2025-07-05 20:00:30.129 [main] pages.AccountDeletedPage::isAccountDeletedLabelVisible::26 - Account deleted label is displayed on the Account deleted page
[INFO ] 2025-07-05 20:00:30.176 [main] pages.AccountDeletedPage::getAccountDeletedLabelText::39 - Account deleted label text retrived is 'ACCOUNT DELETED!'.
[INFO ] 2025-07-05 20:00:31.947 [main] pages.AccountDeletedPage::clickContinue::53 - Clicked on the Continue button.
[INFO ] 2025-07-05 20:00:31.948 [main] pages.AccountDeletedPage::clickContinue::55 - Navigating to Home page.
[INFO ] 2025-07-05 20:00:31.975 [main] pages.HomePage::isHomePageVisible::46 - Home page is visible.
[INFO ] 2025-07-05 20:00:31.986 [main] listeners.ReportListeners::onTestSuccess::85 - ********** Execution of 'testToRegisterUserWithNewEmail' test has passed **********
[INFO ] 2025-07-05 20:00:32.407 [main] base.BaseTest::closeBrowser::29 - 'Edge' browser closed successfully.
[INFO ] 2025-07-05 20:00:34.463 [main] factory.DriverFactory::intializeDriver::49 - Edge browser launched.
[INFO ] 2025-07-05 20:00:34.551 [main] factory.DriverFactory::intializeDriver::62 - Browser maximised.
[INFO ] 2025-07-05 20:00:34.577 [main] factory.DriverFactory::intializeDriver::64 - Implicit wait set to 10 seconds.
[INFO ] 2025-07-05 20:00:34.584 [main] factory.DriverFactory::intializeDriver::66 - Page load timeout set to 10 seconds.
[INFO ] 2025-07-05 20:00:34.604 [main] factory.DriverFactory::intializeDriver::68 - All browser cookies deleted.
[INFO ] 2025-07-05 20:00:34.604 [main] factory.DriverFactory::intializeDriver::69 - WebDriver initialization complete.
[INFO ] 2025-07-05 20:00:34.606 [main] base.BaseTest::initializeBrowser::22 - Navigating to url: 'https://automationexercise.com/'
[INFO ] 2025-07-05 20:00:38.127 [main] listeners.ReportListeners::onTestStart::79 - ********** Execution of 'testToRegisterUserWithExistingEmail' test has started **********
[INFO ] 2025-07-05 20:00:38.127 [main] listeners.ReportListeners::onTestStart::80 - Test description -'Test Case 5: Register User with existing email.'.
[INFO ] 2025-07-05 20:00:38.166 [main] pages.HomePage::isHomePageVisible::46 - Home page is visible.
[INFO ] 2025-07-05 20:00:39.353 [main] pages.NavigationBar::clickSignupLoginLink::33 - Clicked on Signup / Login Link.
[INFO ] 2025-07-05 20:00:39.414 [main] pages.SignupLoginPage::isNewUserSignupLabelVisible::144 - New user signup label is displayed on the Signup / login page
[INFO ] 2025-07-05 20:00:39.843 [main] pages.SignupLoginPage::getNewUserSignupLabelText::157 - New user signup text retrived is 'New User Signup!'.
[INFO ] 2025-07-05 20:00:40.029 [main] pages.SignupLoginPage::enterSignupName::171 - 'Johndoe01' entered in the signup name text box.
[INFO ] 2025-07-05 20:00:40.204 [main] pages.SignupLoginPage::enterSignupEmail::185 - 'johndoe01@email.com' entered in the signup email text box.
[INFO ] 2025-07-05 20:00:40.316 [main] pages.SignupLoginPage::clickSignup::199 - Clicked on the Signup button.
[INFO ] 2025-07-05 20:00:41.505 [main] pages.SignupLoginPage::isSignupErrorVisible::212 - Signup error label is displayed on the Signup / login page
[INFO ] 2025-07-05 20:00:41.562 [main] pages.SignupLoginPage::getSignupErrorText::225 - Signup error text retrived is 'Email Address already exist!'.
[INFO ] 2025-07-05 20:00:41.750 [main] listeners.ReportListeners::onTestSuccess::85 - ********** Execution of 'testToRegisterUserWithExistingEmail' test has passed **********
[INFO ] 2025-07-05 20:00:42.153 [main] base.BaseTest::closeBrowser::29 - 'Edge' browser closed successfully.
[INFO ] 2025-07-05 20:00:44.086 [main] factory.DriverFactory::intializeDriver::49 - Edge browser launched.
[INFO ] 2025-07-05 20:00:44.184 [main] factory.DriverFactory::intializeDriver::62 - Browser maximised.
[INFO ] 2025-07-05 20:00:44.203 [main] factory.DriverFactory::intializeDriver::64 - Implicit wait set to 10 seconds.
[INFO ] 2025-07-05 20:00:44.215 [main] factory.DriverFactory::intializeDriver::66 - Page load timeout set to 10 seconds.
[INFO ] 2025-07-05 20:00:44.235 [main] factory.DriverFactory::intializeDriver::68 - All browser cookies deleted.
[INFO ] 2025-07-05 20:00:44.236 [main] factory.DriverFactory::intializeDriver::69 - WebDriver initialization complete.
[INFO ] 2025-07-05 20:00:44.236 [main] base.BaseTest::initializeBrowser::22 - Navigating to url: 'https://automationexercise.com/'
[INFO ] 2025-07-05 20:00:47.316 [main] listeners.ReportListeners::onTestStart::79 - ********** Execution of 'verifyLoginWithCorrectEmailAndPassword' test has started **********
[INFO ] 2025-07-05 20:00:47.316 [main] listeners.ReportListeners::onTestStart::80 - Test description -'Test Case 2: Login User with correct email and password'.
[INFO ] 2025-07-05 20:00:47.360 [main] pages.HomePage::isHomePageVisible::46 - Home page is visible.
[INFO ] 2025-07-05 20:00:48.693 [main] pages.NavigationBar::clickSignupLoginLink::33 - Clicked on Signup / Login Link.
[INFO ] 2025-07-05 20:00:48.737 [main] pages.SignupLoginPage::isLoginToYourAccountLabelVisible::37 - Login To Your Account Label is displayed on the Signup / login page
[INFO ] 2025-07-05 20:00:48.975 [main] pages.SignupLoginPage::getLoginToYourAccountLabelText::50 - Login To Your Account Label text retrived is 'Login to your account'.
[INFO ] 2025-07-05 20:00:50.128 [main] pages.NavigationBar::clickSignupLoginLink::33 - Clicked on Signup / Login Link.
[INFO ] 2025-07-05 20:00:50.487 [main] pages.SignupLoginPage::enterLoginEmail::64 - 'johndoe04@email.com' entered in the login email text box.
[INFO ] 2025-07-05 20:00:50.635 [main] pages.SignupLoginPage::enterLoginPassword::78 - 'johndoe' entered in the login password text box.
[INFO ] 2025-07-05 20:00:54.816 [main] pages.SignupLoginPage::clickLogin::92 - Clicked on the Login button.
[INFO ] 2025-07-05 20:00:55.135 [main] pages.NavigationBar::isLoggedInAsUsernameVisible::78 - 'Logged in as username' label is displayed on home page.
[INFO ] 2025-07-05 20:00:55.248 [main] pages.NavigationBar::getLoggedInAsUsernameText::92 - 'Logged in as username' text retrived is 'Logged in as johndoe04'.
[INFO ] 2025-07-05 20:00:55.287 [main] listeners.ReportListeners::onTestSuccess::85 - ********** Execution of 'verifyLoginWithCorrectEmailAndPassword' test has passed **********
[INFO ] 2025-07-05 20:00:55.867 [main] base.BaseTest::closeBrowser::29 - 'Edge' browser closed successfully.
[INFO ] 2025-07-05 20:00:57.720 [main] factory.DriverFactory::intializeDriver::49 - Edge browser launched.
[INFO ] 2025-07-05 20:00:57.842 [main] factory.DriverFactory::intializeDriver::62 - Browser maximised.
[INFO ] 2025-07-05 20:00:57.846 [main] factory.DriverFactory::intializeDriver::64 - Implicit wait set to 10 seconds.
[INFO ] 2025-07-05 20:00:57.854 [main] factory.DriverFactory::intializeDriver::66 - Page load timeout set to 10 seconds.
[INFO ] 2025-07-05 20:00:57.871 [main] factory.DriverFactory::intializeDriver::68 - All browser cookies deleted.
[INFO ] 2025-07-05 20:00:57.872 [main] factory.DriverFactory::intializeDriver::69 - WebDriver initialization complete.
[INFO ] 2025-07-05 20:00:57.872 [main] base.BaseTest::initializeBrowser::22 - Navigating to url: 'https://automationexercise.com/'
[INFO ] 2025-07-05 20:01:01.686 [main] listeners.ReportListeners::onTestStart::79 - ********** Execution of 'verifyLoginWithIncorrectEmailAndPassword' test has started **********
[INFO ] 2025-07-05 20:01:01.696 [main] listeners.ReportListeners::onTestStart::80 - Test description -'Test Case 3: Login User with incorrect email and password'.
[INFO ] 2025-07-05 20:01:02.732 [main] pages.HomePage::isHomePageVisible::46 - Home page is visible.
[INFO ] 2025-07-05 20:01:03.801 [main] pages.NavigationBar::clickSignupLoginLink::33 - Clicked on Signup / Login Link.
[INFO ] 2025-07-05 20:01:03.837 [main] pages.SignupLoginPage::isLoginToYourAccountLabelVisible::37 - Login To Your Account Label is displayed on the Signup / login page
[INFO ] 2025-07-05 20:01:04.032 [main] pages.SignupLoginPage::getLoginToYourAccountLabelText::50 - Login To Your Account Label text retrived is 'Login to your account'.
[INFO ] 2025-07-05 20:01:05.488 [main] pages.NavigationBar::clickSignupLoginLink::33 - Clicked on Signup / Login Link.
[INFO ] 2025-07-05 20:01:05.827 [main] pages.SignupLoginPage::enterLoginEmail::64 - 'johndoexx@email.com' entered in the login email text box.
[INFO ] 2025-07-05 20:01:05.964 [main] pages.SignupLoginPage::enterLoginPassword::78 - 'johndoe' entered in the login password text box.
[INFO ] 2025-07-05 20:01:07.132 [main] pages.SignupLoginPage::clickLogin::92 - Clicked on the Login button.
[INFO ] 2025-07-05 20:01:07.171 [main] pages.SignupLoginPage::isLoginErrorVisible::105 - Login error label is displayed on the Signup / login page
[INFO ] 2025-07-05 20:01:07.274 [main] pages.SignupLoginPage::getLoginErrorText::118 - Login error text retrived is 'Your email or password is incorrect!'.
[INFO ] 2025-07-05 20:01:07.303 [main] listeners.ReportListeners::onTestSuccess::85 - ********** Execution of 'verifyLoginWithIncorrectEmailAndPassword' test has passed **********
[INFO ] 2025-07-05 20:01:07.767 [main] base.BaseTest::closeBrowser::29 - 'Edge' browser closed successfully.
[INFO ] 2025-07-05 20:01:09.615 [main] factory.DriverFactory::intializeDriver::49 - Edge browser launched.
[INFO ] 2025-07-05 20:01:09.756 [main] factory.DriverFactory::intializeDriver::62 - Browser maximised.
[INFO ] 2025-07-05 20:01:09.785 [main] factory.DriverFactory::intializeDriver::64 - Implicit wait set to 10 seconds.
[INFO ] 2025-07-05 20:01:09.805 [main] factory.DriverFactory::intializeDriver::66 - Page load timeout set to 10 seconds.
[INFO ] 2025-07-05 20:01:09.835 [main] factory.DriverFactory::intializeDriver::68 - All browser cookies deleted.
[INFO ] 2025-07-05 20:01:09.835 [main] factory.DriverFactory::intializeDriver::69 - WebDriver initialization complete.
[INFO ] 2025-07-05 20:01:09.836 [main] base.BaseTest::initializeBrowser::22 - Navigating to url: 'https://automationexercise.com/'
[INFO ] 2025-07-05 20:01:12.583 [main] listeners.ReportListeners::onTestStart::79 - ********** Execution of 'testToLogoutUser' test has started **********
[INFO ] 2025-07-05 20:01:12.584 [main] listeners.ReportListeners::onTestStart::80 - Test description -'Test Case 4: Logout User'.
[INFO ] 2025-07-05 20:01:12.634 [main] pages.HomePage::isHomePageVisible::46 - Home page is visible.
[INFO ] 2025-07-05 20:01:14.222 [main] pages.NavigationBar::clickSignupLoginLink::33 - Clicked on Signup / Login Link.
[INFO ] 2025-07-05 20:01:14.263 [main] pages.SignupLoginPage::isLoginToYourAccountLabelVisible::37 - Login To Your Account Label is displayed on the Signup / login page
[INFO ] 2025-07-05 20:01:14.306 [main] pages.SignupLoginPage::getLoginToYourAccountLabelText::50 - Login To Your Account Label text retrived is 'Login to your account'.
[INFO ] 2025-07-05 20:01:15.699 [main] pages.NavigationBar::clickSignupLoginLink::33 - Clicked on Signup / Login Link.
[INFO ] 2025-07-05 20:01:15.916 [main] pages.SignupLoginPage::enterLoginEmail::64 - 'johndoe02@email.com' entered in the login email text box.
[INFO ] 2025-07-05 20:01:16.144 [main] pages.SignupLoginPage::enterLoginPassword::78 - 'johndoe' entered in the login password text box.
[INFO ] 2025-07-05 20:01:17.903 [main] pages.SignupLoginPage::clickLogin::92 - Clicked on the Login button.
[INFO ] 2025-07-05 20:01:17.954 [main] pages.NavigationBar::isLoggedInAsUsernameVisible::78 - 'Logged in as username' label is displayed on home page.
[INFO ] 2025-07-05 20:01:18.059 [main] pages.NavigationBar::getLoggedInAsUsernameText::92 - 'Logged in as username' text retrived is 'Logged in as johndoe02'.
[INFO ] 2025-07-05 20:01:19.559 [main] pages.NavigationBar::clickLogoutLink::108 - Clicked on Logout Link.
[INFO ] 2025-07-05 20:01:19.560 [main] pages.NavigationBar::clickLogoutLink::110 - Navigating to Signup / Login page.
[INFO ] 2025-07-05 20:01:19.585 [main] pages.SignupLoginPage::isSignupLoginPageVisible::131 - Signup / Login page is displayed.
[INFO ] 2025-07-05 20:01:19.597 [main] listeners.ReportListeners::onTestSuccess::85 - ********** Execution of 'testToLogoutUser' test has passed **********
[INFO ] 2025-07-05 20:01:19.888 [main] base.BaseTest::closeBrowser::29 - 'Edge' browser closed successfully.
[INFO ] 2025-07-05 20:01:21.617 [main] factory.DriverFactory::intializeDriver::49 - Edge browser launched.
[INFO ] 2025-07-05 20:01:21.885 [main] factory.DriverFactory::intializeDriver::62 - Browser maximised.
[INFO ] 2025-07-05 20:01:21.913 [main] factory.DriverFactory::intializeDriver::64 - Implicit wait set to 10 seconds.
[INFO ] 2025-07-05 20:01:21.922 [main] factory.DriverFactory::intializeDriver::66 - Page load timeout set to 10 seconds.
[INFO ] 2025-07-05 20:01:21.946 [main] factory.DriverFactory::intializeDriver::68 - All browser cookies deleted.
[INFO ] 2025-07-05 20:01:21.946 [main] factory.DriverFactory::intializeDriver::69 - WebDriver initialization complete.
[INFO ] 2025-07-05 20:01:21.947 [main] base.BaseTest::initializeBrowser::22 - Navigating to url: 'https://automationexercise.com/'
[INFO ] 2025-07-05 20:01:24.917 [main] listeners.ReportListeners::onTestStart::79 - ********** Execution of 'verifyAllProductsAndProductDetailsPage' test has started **********
[INFO ] 2025-07-05 20:01:24.918 [main] listeners.ReportListeners::onTestStart::80 - Test description -'Test Case 8: Verify All Products and product detail page'.
[INFO ] 2025-07-05 20:01:24.966 [main] pages.HomePage::isHomePageVisible::46 - Home page is visible.
[INFO ] 2025-07-05 20:01:26.547 [main] pages.NavigationBar::clickProductsLink::140 - Clicked on Products Link.
[INFO ] 2025-07-05 20:01:26.577 [main] pages.ProductsPage::isProductsPageVisible::36 - Products page is visible.
[INFO ] 2025-07-05 20:01:26.605 [main] pages.ProductsPage::isProductListVisible::50 - Products list are visible.
[INFO ] 2025-07-05 20:01:26.769 [main] pages.ProductsPage::clickViewProduct::175 - Scrolling to product with index 1
[INFO ] 2025-07-05 20:01:27.034 [main] pages.ProductsPage::clickViewProduct::182 - Hovering over the product with index 1
[INFO ] 2025-07-05 20:01:28.504 [main] pages.ProductsPage::clickViewProduct::188 - Clicking on the view product link of product with index 1
[INFO ] 2025-07-05 20:01:28.547 [main] pages.ProductDetailsPage::isProductDetailsPageVisible::36 - Product Details page is visible.
[INFO ] 2025-07-05 20:01:28.678 [main] pages.ProductDetailsPage::getProductName::95 - Product Name retrived is 'Blue Top'.
[INFO ] 2025-07-05 20:01:29.044 [main] pages.ProductDetailsPage::getProductCategory::108 - Product category retrived is 'Women > Tops'.
[INFO ] 2025-07-05 20:01:29.355 [main] pages.ProductDetailsPage::getProductPrice::121 - Product Price retrived is '500'.
[INFO ] 2025-07-05 20:01:29.567 [main] pages.ProductDetailsPage::getProductAvailability::134 - Product Availability retrived is 'In Stock'.
[INFO ] 2025-07-05 20:01:29.722 [main] pages.ProductDetailsPage::getProductCondition::147 - Product Condition retrived is 'New'.
[INFO ] 2025-07-05 20:01:29.804 [main] pages.ProductDetailsPage::getProductBrand::160 - Product Brand retrived is 'Polo'.
[INFO ] 2025-07-05 20:01:29.830 [main] listeners.ReportListeners::onTestSuccess::85 - ********** Execution of 'verifyAllProductsAndProductDetailsPage' test has passed **********
[INFO ] 2025-07-05 20:01:30.152 [main] base.BaseTest::closeBrowser::29 - 'Edge' browser closed successfully.
[INFO ] 2025-07-05 20:01:31.948 [main] factory.DriverFactory::intializeDriver::49 - Edge browser launched.
[INFO ] 2025-07-05 20:01:32.110 [main] factory.DriverFactory::intializeDriver::62 - Browser maximised.
[INFO ] 2025-07-05 20:01:32.137 [main] factory.DriverFactory::intializeDriver::64 - Implicit wait set to 10 seconds.
[INFO ] 2025-07-05 20:01:32.140 [main] factory.DriverFactory::intializeDriver::66 - Page load timeout set to 10 seconds.
[INFO ] 2025-07-05 20:01:32.186 [main] factory.DriverFactory::intializeDriver::68 - All browser cookies deleted.
[INFO ] 2025-07-05 20:01:32.187 [main] factory.DriverFactory::intializeDriver::69 - WebDriver initialization complete.
[INFO ] 2025-07-05 20:01:32.190 [main] base.BaseTest::initializeBrowser::22 - Navigating to url: 'https://automationexercise.com/'
[INFO ] 2025-07-05 20:01:33.317 [main] listeners.ReportListeners::onTestStart::79 - ********** Execution of 'verifyProductsRelatedToSearchAreVisible' test has started **********
[INFO ] 2025-07-05 20:01:33.317 [main] listeners.ReportListeners::onTestStart::80 - Test description -'Test Case 9: Search Product'.
[INFO ] 2025-07-05 20:01:35.147 [main] pages.HomePage::isHomePageVisible::46 - Home page is visible.
[INFO ] 2025-07-05 20:01:37.288 [main] pages.NavigationBar::clickProductsLink::140 - Clicked on Products Link.
[INFO ] 2025-07-05 20:01:37.323 [main] pages.ProductsPage::isProductsPageVisible::36 - Products page is visible.
[INFO ] 2025-07-05 20:01:37.578 [main] pages.ProductsPage::enterSearchText::69 - 'Men' entered in the search text box.
[INFO ] 2025-07-05 20:01:38.784 [main] pages.ProductsPage::clickSearch::83 - Clicked on the Search button.
[ERROR] 2025-07-05 20:01:38.968 [main] pages.ProductsPage::isProductPresent::151 - Products found in the list : [Men Tshirt, Madame Top For Women, Lace Top For Women, GRAPHIC DESIGN MEN T SHIRT - BLUE]
[INFO ] 2025-07-05 20:01:38.970 [main] listeners.ReportListeners::onTestSuccess::85 - ********** Execution of 'verifyProductsRelatedToSearchAreVisible' test has passed **********
[INFO ] 2025-07-05 20:01:39.297 [main] base.BaseTest::closeBrowser::29 - 'Edge' browser closed successfully.
[INFO ] 2025-07-05 20:01:40.936 [main] factory.DriverFactory::intializeDriver::49 - Edge browser launched.
[INFO ] 2025-07-05 20:01:41.176 [main] factory.DriverFactory::intializeDriver::62 - Browser maximised.
[INFO ] 2025-07-05 20:01:41.207 [main] factory.DriverFactory::intializeDriver::64 - Implicit wait set to 10 seconds.
[INFO ] 2025-07-05 20:01:41.237 [main] factory.DriverFactory::intializeDriver::66 - Page load timeout set to 10 seconds.
[INFO ] 2025-07-05 20:01:41.255 [main] factory.DriverFactory::intializeDriver::68 - All browser cookies deleted.
[INFO ] 2025-07-05 20:01:41.256 [main] factory.DriverFactory::intializeDriver::69 - WebDriver initialization complete.
[INFO ] 2025-07-05 20:01:41.256 [main] base.BaseTest::initializeBrowser::22 - Navigating to url: 'https://automationexercise.com/'
[INFO ] 2025-07-05 20:01:44.973 [main] listeners.ReportListeners::onTestStart::79 - ********** Execution of 'testToVerifyProductQuantityInCart' test has started **********
[INFO ] 2025-07-05 20:01:44.974 [main] listeners.ReportListeners::onTestStart::80 - Test description -'Test to verify quantity of the product in the cart.'.
[INFO ] 2025-07-05 20:01:45.016 [main] pages.HomePage::isHomePageVisible::46 - Home page is visible.
[INFO ] 2025-07-05 20:01:45.062 [main] pages.HomePage::clickViewProduct::76 - Scrolling to products : Blue Top
[INFO ] 2025-07-05 20:01:45.275 [main] pages.HomePage::clickViewProduct::83 - Hovering over the product : Blue Top
[INFO ] 2025-07-05 20:01:49.206 [main] pages.HomePage::clickViewProduct::88 - Clicking on the view product link of product : Blue Top
[INFO ] 2025-07-05 20:01:49.266 [main] pages.ProductDetailsPage::isProductDetailsPageVisible::36 - Product Details page is visible.
[INFO ] 2025-07-05 20:01:49.725 [main] pages.ProductDetailsPage::selectQuantity::50 - Quantity text box cleared.
[INFO ] 2025-07-05 20:01:49.831 [main] pages.ProductDetailsPage::selectQuantity::53 - '4' entered in the quantity text box.
[INFO ] 2025-07-05 20:01:50.073 [main] pages.ProductDetailsPage::clickAddToCart::68 - Clicked on the Add to Cart button.
[INFO ] 2025-07-05 20:01:51.954 [main] pages.ProductDetailsPage::clickViewCartLink::82 - Clicked on the View Cart button.
[INFO ] 2025-07-05 20:01:52.033 [main] pages.CartPage::getProductQuantity::73 - Quantity of 'Blue Top' is '4'.
[INFO ] 2025-07-05 20:01:52.124 [main] listeners.ReportListeners::onTestSuccess::85 - ********** Execution of 'testToVerifyProductQuantityInCart' test has passed **********
[INFO ] 2025-07-05 20:01:53.073 [main] base.BaseTest::closeBrowser::29 - 'Edge' browser closed successfully.
[INFO ] 2025-07-05 20:01:54.754 [main] factory.DriverFactory::intializeDriver::49 - Edge browser launched.
[INFO ] 2025-07-05 20:01:54.881 [main] factory.DriverFactory::intializeDriver::62 - Browser maximised.
[INFO ] 2025-07-05 20:01:54.890 [main] factory.DriverFactory::intializeDriver::64 - Implicit wait set to 10 seconds.
[INFO ] 2025-07-05 20:01:54.904 [main] factory.DriverFactory::intializeDriver::66 - Page load timeout set to 10 seconds.
[INFO ] 2025-07-05 20:01:54.947 [main] factory.DriverFactory::intializeDriver::68 - All browser cookies deleted.
[INFO ] 2025-07-05 20:01:54.947 [main] factory.DriverFactory::intializeDriver::69 - WebDriver initialization complete.
[INFO ] 2025-07-05 20:01:54.950 [main] base.BaseTest::initializeBrowser::22 - Navigating to url: 'https://automationexercise.com/'
[INFO ] 2025-07-05 20:01:57.956 [main] listeners.ReportListeners::onTestStart::79 - ********** Execution of 'testToRemoveProductsFromCart' test has started **********
[INFO ] 2025-07-05 20:01:57.956 [main] listeners.ReportListeners::onTestStart::80 - Test description -'Test Case 17: Remove Products From Cart.'.
[INFO ] 2025-07-05 20:01:58.065 [main] pages.HomePage::isHomePageVisible::46 - Home page is visible.
[INFO ] 2025-07-05 20:01:59.687 [main] pages.NavigationBar::clickProductsLink::140 - Clicked on Products Link.
[INFO ] 2025-07-05 20:02:00.453 [main] pages.ProductsPage::addToCart::108 - Hovering over Product : 'Blue Top'.
[INFO ] 2025-07-05 20:02:00.807 [main] pages.ProductsPage::addToCart::114 - Clicked on Add to cart on product : 'Blue Top'.
[INFO ] 2025-07-05 20:02:01.641 [main] pages.ProductsPage::addToCart::117 - Clicked on continue shopping link.
[INFO ] 2025-07-05 20:02:01.665 [main] pages.ProductsPage::addToCart::120 - Products added to cart : '[Blue Top]'.
[INFO ] 2025-07-05 20:02:01.970 [main] pages.ProductsPage::addToCart::108 - Hovering over Product : 'Men Tshirt'.
[INFO ] 2025-07-05 20:02:02.236 [main] pages.ProductsPage::addToCart::114 - Clicked on Add to cart on product : 'Men Tshirt'.
[INFO ] 2025-07-05 20:02:02.636 [main] pages.ProductsPage::addToCart::117 - Clicked on continue shopping link.
[INFO ] 2025-07-05 20:02:02.653 [main] pages.ProductsPage::addToCart::120 - Products added to cart : '[Blue Top, Men Tshirt]'.
[INFO ] 2025-07-05 20:02:03.781 [main] pages.ProductsPage::clickCartLink::161 - Clicked on the Cart link.
[INFO ] 2025-07-05 20:02:03.814 [main] pages.CartPage::isCartPageVisible::45 - Cart page is visible.
[INFO ] 2025-07-05 20:02:04.114 [main] pages.CartPage::clickXButton::96 - Clicked on the 'X' button on the cart for product : 'Blue Top'.
[INFO ] 2025-07-05 20:02:04.115 [main] pages.CartPage::clickXButton::97 - 'Blue Top' removed from the cart.
[INFO ] 2025-07-05 20:02:04.246 [main] pages.CartPage::clickXButton::96 - Clicked on the 'X' button on the cart for product : 'Men Tshirt'.
[INFO ] 2025-07-05 20:02:04.246 [main] pages.CartPage::clickXButton::97 - 'Men Tshirt' removed from the cart.
[INFO ] 2025-07-05 20:02:04.248 [main] pages.CartPage::clickXButton::108 - Products removed from the list : [Blue Top, Men Tshirt]
[INFO ] 2025-07-05 20:02:14.828 [main] pages.CartPage::isCartEmpty::118 - Cart is empty.
[INFO ] 2025-07-05 20:02:14.830 [main] listeners.ReportListeners::onTestSuccess::85 - ********** Execution of 'testToRemoveProductsFromCart' test has passed **********
[INFO ] 2025-07-05 20:02:15.134 [main] base.BaseTest::closeBrowser::29 - 'Edge' browser closed successfully.
[INFO ] 2025-07-05 20:02:16.917 [main] factory.DriverFactory::intializeDriver::49 - Edge browser launched.
[INFO ] 2025-07-05 20:02:17.158 [main] factory.DriverFactory::intializeDriver::62 - Browser maximised.
[INFO ] 2025-07-05 20:02:17.165 [main] factory.DriverFactory::intializeDriver::64 - Implicit wait set to 10 seconds.
[INFO ] 2025-07-05 20:02:17.174 [main] factory.DriverFactory::intializeDriver::66 - Page load timeout set to 10 seconds.
[INFO ] 2025-07-05 20:02:17.194 [main] factory.DriverFactory::intializeDriver::68 - All browser cookies deleted.
[INFO ] 2025-07-05 20:02:17.195 [main] factory.DriverFactory::intializeDriver::69 - WebDriver initialization complete.
[INFO ] 2025-07-05 20:02:17.196 [main] base.BaseTest::initializeBrowser::22 - Navigating to url: 'https://automationexercise.com/'
[INFO ] 2025-07-05 20:02:20.622 [main] listeners.ReportListeners::onTestStart::79 - ********** Execution of 'testToRegisterWhileCheckout' test has started **********
[INFO ] 2025-07-05 20:02:20.622 [main] listeners.ReportListeners::onTestStart::80 - Test description -'Test Case 14: Place Order: Register while Checkout.'.
[INFO ] 2025-07-05 20:02:20.675 [main] pages.HomePage::isHomePageVisible::46 - Home page is visible.
[INFO ] 2025-07-05 20:02:21.118 [main] pages.HomePage::addToCart::115 - Hovering over Product : 'Blue Top'.
[INFO ] 2025-07-05 20:02:21.398 [main] pages.HomePage::addToCart::121 - Clicked on Add to cart on product : 'Blue Top'.
[INFO ] 2025-07-05 20:02:21.763 [main] pages.HomePage::addToCart::125 - Clicked on continue shopping link.
[INFO ] 2025-07-05 20:02:21.792 [main] pages.HomePage::addToCart::128 - Products added to cart : '[Blue Top]'.
[INFO ] 2025-07-05 20:02:22.088 [main] pages.HomePage::addToCart::115 - Hovering over Product : 'Men Tshirt'.
[INFO ] 2025-07-05 20:02:22.355 [main] pages.HomePage::addToCart::121 - Clicked on Add to cart on product : 'Men Tshirt'.
[INFO ] 2025-07-05 20:02:22.723 [main] pages.HomePage::addToCart::125 - Clicked on continue shopping link.
[INFO ] 2025-07-05 20:02:22.737 [main] pages.HomePage::addToCart::128 - Products added to cart : '[Blue Top, Men Tshirt]'.
[INFO ] 2025-07-05 20:02:24.009 [main] pages.HomePage::clickCartLink::60 - Clicked on Cart Link.
[INFO ] 2025-07-05 20:02:24.010 [main] pages.HomePage::clickCartLink::62 - Navigating to Cart page.
[INFO ] 2025-07-05 20:02:24.338 [main] pages.CartPage::clickProceedToCheckout::138 - Clicked on Proceed To Checkout button.
[INFO ] 2025-07-05 20:02:25.471 [main] pages.CartPage::clickRegisterLoginLink::152 - Clicked on Register / Login link.
[INFO ] 2025-07-05 20:02:25.684 [main] pages.SignupLoginPage::enterSignupName::171 - 'johndoe05' entered in the signup name text box.
[INFO ] 2025-07-05 20:02:25.905 [main] pages.SignupLoginPage::enterSignupEmail::185 - 'johndoe05@email.com' entered in the signup email text box.
[INFO ] 2025-07-05 20:02:26.026 [main] pages.SignupLoginPage::clickSignup::199 - Clicked on the Signup button.
[INFO ] 2025-07-05 20:02:27.382 [main] pages.SignupPage::selectTitle::48 - Clicked on the title: Mr
[INFO ] 2025-07-05 20:02:27.625 [main] pages.SignupPage::enterPassword::62 - 'johndoe' entered in the password text box.
[INFO ] 2025-07-05 20:02:27.923 [main] pages.SignupPage::selectDay::77 - '15' selected in the day dropdown list box.
[INFO ] 2025-07-05 20:02:28.108 [main] pages.SignupPage::selectMonth::92 - 'August' selected in the month dropdown list box.
[INFO ] 2025-07-05 20:02:28.335 [main] pages.SignupPage::selectYear::107 - '1990' selected in the year dropdown list box.
[INFO ] 2025-07-05 20:02:28.505 [main] pages.SignupPage::selectNewsLetter::122 - NewsLetter checkbox selected.
[INFO ] 2025-07-05 20:02:28.627 [main] pages.SignupPage::selectSpecialOffer::141 - Speical offer checkbox selected.
[INFO ] 2025-07-05 20:02:28.740 [main] pages.SignupPage::enterFirstName::159 - 'John' entered in the firstName text box.
[INFO ] 2025-07-05 20:02:28.844 [main] pages.SignupPage::enterLastName::173 - 'Doe' entered in the lastName text box.
[INFO ] 2025-07-05 20:02:29.027 [main] pages.SignupPage::enterCompany::187 - 'The Lawrence Company' entered in the company text box.
[INFO ] 2025-07-05 20:02:29.206 [main] pages.SignupPage::enterAddress1::201 - '1379, Spring Hill Rd' entered in the address1 text box.
[INFO ] 2025-07-05 20:02:29.363 [main] pages.SignupPage::enterAddress2::215 - 'Farend avenue' entered in the address2 text box.
[INFO ] 2025-07-05 20:02:29.528 [main] pages.SignupPage::selectCountry::230 - 'United States' selected in the country dropdown list box.
[INFO ] 2025-07-05 20:02:29.664 [main] pages.SignupPage::enterState::244 - 'AR' entered in the state text box.
[INFO ] 2025-07-05 20:02:29.803 [main] pages.SignupPage::enterCity::258 - 'Shreveport' entered in the city text box.
[INFO ] 2025-07-05 20:02:29.926 [main] pages.SignupPage::enterZipcode::272 - '50576' entered in the zipcode text box.
[INFO ] 2025-07-05 20:02:30.061 [main] pages.SignupPage::enterMobile::286 - '9999999999' entered in the mobile number text box.
[INFO ] 2025-07-05 20:02:31.584 [main] pages.SignupPage::clickCreateAccount::300 - Clicked on the Create Account button.
[INFO ] 2025-07-05 20:02:31.584 [main] pages.SignupPage::clickCreateAccount::302 - Navigating to Account created page.
[INFO ] 2025-07-05 20:02:31.610 [main] pages.AccountCreatedPage::isAccountCreatedLabelVisible::26 - Account created page header is displayed on the Account created page
[INFO ] 2025-07-05 20:02:31.652 [main] pages.AccountCreatedPage::getAccountCreatedLabelText::39 - Account created header text retrived is 'ACCOUNT CREATED!'.
[INFO ] 2025-07-05 20:02:33.109 [main] pages.AccountCreatedPage::clickContinue::53 - Clicked on the Continue button.
[INFO ] 2025-07-05 20:02:33.110 [main] pages.AccountCreatedPage::clickContinue::55 - Navigating to Home page.
[INFO ] 2025-07-05 20:02:33.174 [main] pages.NavigationBar::isLoggedInAsUsernameVisible::78 - 'Logged in as username' label is displayed on home page.
[INFO ] 2025-07-05 20:02:33.483 [main] pages.NavigationBar::getLoggedInAsUsernameText::92 - 'Logged in as username' text retrived is 'Logged in as johndoe05'.
[INFO ] 2025-07-05 20:02:34.706 [main] pages.HomePage::clickCartLink::60 - Clicked on Cart Link.
[INFO ] 2025-07-05 20:02:34.707 [main] pages.HomePage::clickCartLink::62 - Navigating to Cart page.
[INFO ] 2025-07-05 20:02:34.755 [main] pages.CartPage::isCartPageVisible::45 - Cart page is visible.
[INFO ] 2025-07-05 20:02:37.725 [main] pages.CartPage::clickProceedToCheckout::138 - Clicked on Proceed To Checkout button.
[INFO ] 2025-07-05 20:02:37.923 [main] pages.CheckoutPage::getCustomerName::26 - Customer name text retrived is 'Mr. John Doe'.
[INFO ] 2025-07-05 20:02:38.038 [main] pages.CheckoutPage::getCustomerCompany::39 - Customer company name text retrived is 'The Lawrence Company'.
[INFO ] 2025-07-05 20:02:38.156 [main] pages.CheckoutPage::getCustomerAddress1::52 - Customer address1 text retrived is '1379, Spring Hill Rd'.
[INFO ] 2025-07-05 20:02:38.275 [main] pages.CheckoutPage::getCustomerAddress2::65 - Customer address2 text retrived is 'Farend avenue'.
[INFO ] 2025-07-05 20:02:38.373 [main] pages.CheckoutPage::getCustomerCityStateZip::78 - Customer City State Zipcode text retrived is 'Shreveport AR 50576'.
[INFO ] 2025-07-05 20:02:38.536 [main] pages.CheckoutPage::getCustomerCountry::91 - Customer country text retrived is 'United States'.
[INFO ] 2025-07-05 20:02:38.641 [main] pages.CheckoutPage::getCustomerMobile::104 - Customer mobile number text retrived is '9999999999'.
[INFO ] 2025-07-05 20:02:38.879 [main] pages.CheckoutPage::getProductPrice::147 - Price of 'Blue Top' is 'Rs. 500'.
[INFO ] 2025-07-05 20:02:38.964 [main] pages.CheckoutPage::getProductQuantity::162 - Quantity of 'Blue Top' is '1'.
[INFO ] 2025-07-05 20:02:39.039 [main] pages.CheckoutPage::getProductTotalAmount::177 - Total amount of 'Blue Top' is 'Rs. 500'.
[INFO ] 2025-07-05 20:02:39.114 [main] pages.CheckoutPage::getProductPrice::147 - Price of 'Men Tshirt' is 'Rs. 400'.
[INFO ] 2025-07-05 20:02:39.207 [main] pages.CheckoutPage::getProductQuantity::162 - Quantity of 'Men Tshirt' is '1'.
[INFO ] 2025-07-05 20:02:39.284 [main] pages.CheckoutPage::getProductTotalAmount::177 - Total amount of 'Men Tshirt' is 'Rs. 400'.
[INFO ] 2025-07-05 20:02:39.672 [main] pages.CheckoutPage::enterComment::118 - 'This is the sample comment on the checkoutpage.' entered in the comment text box.
[INFO ] 2025-07-05 20:02:40.984 [main] pages.CheckoutPage::clickPlaceOrder::132 - Clicked on Place Order button.
[INFO ] 2025-07-05 20:02:41.303 [main] pages.HomePage::enterNameOnCard::33 - 'John Doe' entered in the Name on card text box.
[INFO ] 2025-07-05 20:02:41.566 [main] pages.HomePage::enterCardNumber::47 - '6452789545625468' entered in the Card number text box.
[INFO ] 2025-07-05 20:02:41.758 [main] pages.HomePage::enterCvc::61 - '311' entered in the cvc text box.
[INFO ] 2025-07-05 20:02:41.969 [main] pages.HomePage::enterExpiryMonth::75 - '05' entered in the Expiry Month text box.
[INFO ] 2025-07-05 20:02:42.121 [main] pages.HomePage::enterExpiryYear::89 - '2026' entered in the Expiry Year text box.
[INFO ] 2025-07-05 20:02:42.306 [main] pages.HomePage::clickPayAndConfirmOrder::103 - Clicked on the Pay And Confirm Order button.
[INFO ] 2025-07-05 20:02:42.306 [main] pages.HomePage::clickPayAndConfirmOrder::104 - Navigating to Home page.
[INFO ] 2025-07-05 20:02:44.694 [main] pages.PaymentDonePage::isConfirmedMessageVisible::25 - Order confirmed message is displayed on the Payment done page
[INFO ] 2025-07-05 20:02:44.735 [main] pages.PaymentDonePage::getConfirmedMessageText::38 - Order confirmed message text retrived is 'Congratulations! Your order has been confirmed!'.
[INFO ] 2025-07-05 20:02:45.925 [main] pages.NavigationBar::clickDeleteAccountLink::47 - Clicked on Delete Account Link.
[INFO ] 2025-07-05 20:02:45.925 [main] pages.NavigationBar::clickDeleteAccountLink::49 - Navigating to Account deleted page.
[INFO ] 2025-07-05 20:02:48.345 [main] pages.AccountDeletedPage::clickContinue::53 - Clicked on the Continue button.
[INFO ] 2025-07-05 20:02:48.347 [main] pages.AccountDeletedPage::clickContinue::55 - Navigating to Home page.
[INFO ] 2025-07-05 20:02:48.534 [main] pages.HomePage::isHomePageVisible::46 - Home page is visible.
[INFO ] 2025-07-05 20:02:48.673 [main] listeners.ReportListeners::onTestSuccess::85 - ********** Execution of 'testToRegisterWhileCheckout' test has passed **********
[INFO ] 2025-07-05 20:02:49.712 [main] base.BaseTest::closeBrowser::29 - 'Edge' browser closed successfully.
[INFO ] 2025-07-05 20:02:51.478 [main] factory.DriverFactory::intializeDriver::49 - Edge browser launched.
[INFO ] 2025-07-05 20:02:51.586 [main] factory.DriverFactory::intializeDriver::62 - Browser maximised.
[INFO ] 2025-07-05 20:02:51.613 [main] factory.DriverFactory::intializeDriver::64 - Implicit wait set to 10 seconds.
[INFO ] 2025-07-05 20:02:51.622 [main] factory.DriverFactory::intializeDriver::66 - Page load timeout set to 10 seconds.
[INFO ] 2025-07-05 20:02:51.643 [main] factory.DriverFactory::intializeDriver::68 - All browser cookies deleted.
[INFO ] 2025-07-05 20:02:51.644 [main] factory.DriverFactory::intializeDriver::69 - WebDriver initialization complete.
[INFO ] 2025-07-05 20:02:51.644 [main] base.BaseTest::initializeBrowser::22 - Navigating to url: 'https://automationexercise.com/'
[INFO ] 2025-07-05 20:02:56.184 [main] listeners.ReportListeners::onTestStart::79 - ********** Execution of 'testToRegisterBeforeCheckout' test has started **********
[INFO ] 2025-07-05 20:02:56.184 [main] listeners.ReportListeners::onTestStart::80 - Test description -'Test Case 15: Place Order: Register before Checkout'.
[INFO ] 2025-07-05 20:02:56.287 [main] pages.HomePage::isHomePageVisible::46 - Home page is visible.
[INFO ] 2025-07-05 20:02:58.379 [main] pages.NavigationBar::clickSignupLoginLink::33 - Clicked on Signup / Login Link.
[INFO ] 2025-07-05 20:02:58.636 [main] pages.SignupLoginPage::enterSignupName::171 - 'johndoe05' entered in the signup name text box.
[INFO ] 2025-07-05 20:02:58.770 [main] pages.SignupLoginPage::enterSignupEmail::185 - 'johndoe05@email.com' entered in the signup email text box.
[INFO ] 2025-07-05 20:02:59.932 [main] pages.SignupLoginPage::clickSignup::199 - Clicked on the Signup button.
[INFO ] 2025-07-05 20:03:00.328 [main] pages.SignupPage::selectTitle::48 - Clicked on the title: Mr
[INFO ] 2025-07-05 20:03:00.578 [main] pages.SignupPage::enterPassword::62 - 'johndoe' entered in the password text box.
[INFO ] 2025-07-05 20:03:00.734 [main] pages.SignupPage::selectDay::77 - '15' selected in the day dropdown list box.
[INFO ] 2025-07-05 20:03:00.862 [main] pages.SignupPage::selectMonth::92 - 'August' selected in the month dropdown list box.
[INFO ] 2025-07-05 20:03:01.005 [main] pages.SignupPage::selectYear::107 - '1990' selected in the year dropdown list box.
[INFO ] 2025-07-05 20:03:01.141 [main] pages.SignupPage::selectNewsLetter::122 - NewsLetter checkbox selected.
[INFO ] 2025-07-05 20:03:01.409 [main] pages.SignupPage::selectSpecialOffer::141 - Speical offer checkbox selected.
[INFO ] 2025-07-05 20:03:01.543 [main] pages.SignupPage::enterFirstName::159 - 'John' entered in the firstName text box.
[INFO ] 2025-07-05 20:03:01.670 [main] pages.SignupPage::enterLastName::173 - 'Doe' entered in the lastName text box.
[INFO ] 2025-07-05 20:03:01.829 [main] pages.SignupPage::enterCompany::187 - 'The Lawrence Company' entered in the company text box.
[INFO ] 2025-07-05 20:03:02.037 [main] pages.SignupPage::enterAddress1::201 - '1379, Spring Hill Rd' entered in the address1 text box.
[INFO ] 2025-07-05 20:03:02.194 [main] pages.SignupPage::enterAddress2::215 - 'Farend avenue' entered in the address2 text box.
[INFO ] 2025-07-05 20:03:02.340 [main] pages.SignupPage::selectCountry::230 - 'United States' selected in the country dropdown list box.
[INFO ] 2025-07-05 20:03:02.479 [main] pages.SignupPage::enterState::244 - 'AR' entered in the state text box.
[INFO ] 2025-07-05 20:03:02.636 [main] pages.SignupPage::enterCity::258 - 'Shreveport' entered in the city text box.
[INFO ] 2025-07-05 20:03:02.752 [main] pages.SignupPage::enterZipcode::272 - '50576' entered in the zipcode text box.
[INFO ] 2025-07-05 20:03:02.879 [main] pages.SignupPage::enterMobile::286 - '9999999999' entered in the mobile number text box.
[INFO ] 2025-07-05 20:03:03.007 [main] pages.SignupPage::clickCreateAccount::300 - Clicked on the Create Account button.
[INFO ] 2025-07-05 20:03:03.008 [main] pages.SignupPage::clickCreateAccount::302 - Navigating to Account created page.
[INFO ] 2025-07-05 20:03:04.382 [main] pages.AccountCreatedPage::isAccountCreatedLabelVisible::26 - Account created page header is displayed on the Account created page
[INFO ] 2025-07-05 20:03:04.471 [main] pages.AccountCreatedPage::getAccountCreatedLabelText::39 - Account created header text retrived is 'ACCOUNT CREATED!'.
[INFO ] 2025-07-05 20:03:06.421 [main] pages.AccountCreatedPage::clickContinue::53 - Clicked on the Continue button.
[INFO ] 2025-07-05 20:03:06.422 [main] pages.AccountCreatedPage::clickContinue::55 - Navigating to Home page.
[INFO ] 2025-07-05 20:03:06.449 [main] pages.NavigationBar::isLoggedInAsUsernameVisible::78 - 'Logged in as username' label is displayed on home page.
[INFO ] 2025-07-05 20:03:06.494 [main] pages.NavigationBar::getLoggedInAsUsernameText::92 - 'Logged in as username' text retrived is 'Logged in as johndoe05'.
[INFO ] 2025-07-05 20:03:06.874 [main] pages.HomePage::addToCart::115 - Hovering over Product : 'Blue Top'.
[INFO ] 2025-07-05 20:03:07.077 [main] pages.HomePage::addToCart::121 - Clicked on Add to cart on product : 'Blue Top'.
[INFO ] 2025-07-05 20:03:07.479 [main] pages.HomePage::addToCart::125 - Clicked on continue shopping link.
[INFO ] 2025-07-05 20:03:07.511 [main] pages.HomePage::addToCart::128 - Products added to cart : '[Blue Top]'.
[INFO ] 2025-07-05 20:03:07.791 [main] pages.HomePage::addToCart::115 - Hovering over Product : 'Men Tshirt'.
[INFO ] 2025-07-05 20:03:07.973 [main] pages.HomePage::addToCart::121 - Clicked on Add to cart on product : 'Men Tshirt'.
[INFO ] 2025-07-05 20:03:08.392 [main] pages.HomePage::addToCart::125 - Clicked on continue shopping link.
[INFO ] 2025-07-05 20:03:08.416 [main] pages.HomePage::addToCart::128 - Products added to cart : '[Blue Top, Men Tshirt]'.
[INFO ] 2025-07-05 20:03:09.675 [main] pages.HomePage::clickCartLink::60 - Clicked on Cart Link.
[INFO ] 2025-07-05 20:03:09.676 [main] pages.HomePage::clickCartLink::62 - Navigating to Cart page.
[INFO ] 2025-07-05 20:03:09.736 [main] pages.CartPage::isCartPageVisible::45 - Cart page is visible.
[INFO ] 2025-07-05 20:03:11.758 [main] pages.CartPage::clickProceedToCheckout::138 - Clicked on Proceed To Checkout button.
[INFO ] 2025-07-05 20:03:11.805 [main] pages.CheckoutPage::getCustomerName::26 - Customer name text retrived is 'Mr. John Doe'.
[INFO ] 2025-07-05 20:03:11.857 [main] pages.CheckoutPage::getCustomerCompany::39 - Customer company name text retrived is 'The Lawrence Company'.
[INFO ] 2025-07-05 20:03:11.984 [main] pages.CheckoutPage::getCustomerAddress1::52 - Customer address1 text retrived is '1379, Spring Hill Rd'.
[INFO ] 2025-07-05 20:03:12.042 [main] pages.CheckoutPage::getCustomerAddress2::65 - Customer address2 text retrived is 'Farend avenue'.
[INFO ] 2025-07-05 20:03:12.112 [main] pages.CheckoutPage::getCustomerCityStateZip::78 - Customer City State Zipcode text retrived is 'Shreveport AR 50576'.
[INFO ] 2025-07-05 20:03:12.173 [main] pages.CheckoutPage::getCustomerCountry::91 - Customer country text retrived is 'United States'.
[INFO ] 2025-07-05 20:03:12.228 [main] pages.CheckoutPage::getCustomerMobile::104 - Customer mobile number text retrived is '9999999999'.
[INFO ] 2025-07-05 20:03:12.288 [main] pages.CheckoutPage::getProductPrice::147 - Price of 'Blue Top' is 'Rs. 500'.
[INFO ] 2025-07-05 20:03:12.340 [main] pages.CheckoutPage::getProductQuantity::162 - Quantity of 'Blue Top' is '1'.
[INFO ] 2025-07-05 20:03:12.417 [main] pages.CheckoutPage::getProductTotalAmount::177 - Total amount of 'Blue Top' is 'Rs. 500'.
[INFO ] 2025-07-05 20:03:12.478 [main] pages.CheckoutPage::getProductPrice::147 - Price of 'Men Tshirt' is 'Rs. 400'.
[INFO ] 2025-07-05 20:03:12.535 [main] pages.CheckoutPage::getProductQuantity::162 - Quantity of 'Men Tshirt' is '1'.
[INFO ] 2025-07-05 20:03:12.585 [main] pages.CheckoutPage::getProductTotalAmount::177 - Total amount of 'Men Tshirt' is 'Rs. 400'.
[INFO ] 2025-07-05 20:03:12.792 [main] pages.CheckoutPage::enterComment::118 - 'This is the sample comment on the checkoutpage.' entered in the comment text box.
[INFO ] 2025-07-05 20:03:14.307 [main] pages.CheckoutPage::clickPlaceOrder::132 - Clicked on Place Order button.
[INFO ] 2025-07-05 20:03:14.508 [main] pages.HomePage::enterNameOnCard::33 - 'John Doe' entered in the Name on card text box.
[INFO ] 2025-07-05 20:03:14.742 [main] pages.HomePage::enterCardNumber::47 - '6452789545625468' entered in the Card number text box.
[INFO ] 2025-07-05 20:03:14.907 [main] pages.HomePage::enterCvc::61 - '311' entered in the cvc text box.
[INFO ] 2025-07-05 20:03:15.054 [main] pages.HomePage::enterExpiryMonth::75 - '05' entered in the Expiry Month text box.
[INFO ] 2025-07-05 20:03:15.173 [main] pages.HomePage::enterExpiryYear::89 - '2026' entered in the Expiry Year text box.
[INFO ] 2025-07-05 20:03:15.346 [main] pages.HomePage::clickPayAndConfirmOrder::103 - Clicked on the Pay And Confirm Order button.
[INFO ] 2025-07-05 20:03:15.346 [main] pages.HomePage::clickPayAndConfirmOrder::104 - Navigating to Home page.
[INFO ] 2025-07-05 20:03:17.676 [main] pages.PaymentDonePage::isConfirmedMessageVisible::25 - Order confirmed message is displayed on the Payment done page
[INFO ] 2025-07-05 20:03:17.715 [main] pages.PaymentDonePage::getConfirmedMessageText::38 - Order confirmed message text retrived is 'Congratulations! Your order has been confirmed!'.
[INFO ] 2025-07-05 20:03:19.111 [main] pages.NavigationBar::clickDeleteAccountLink::47 - Clicked on Delete Account Link.
[INFO ] 2025-07-05 20:03:19.112 [main] pages.NavigationBar::clickDeleteAccountLink::49 - Navigating to Account deleted page.
[INFO ] 2025-07-05 20:03:20.727 [main] pages.AccountDeletedPage::clickContinue::53 - Clicked on the Continue button.
[INFO ] 2025-07-05 20:03:20.727 [main] pages.AccountDeletedPage::clickContinue::55 - Navigating to Home page.
[INFO ] 2025-07-05 20:03:20.753 [main] pages.HomePage::isHomePageVisible::46 - Home page is visible.
[INFO ] 2025-07-05 20:03:20.760 [main] listeners.ReportListeners::onTestSuccess::85 - ********** Execution of 'testToRegisterBeforeCheckout' test has passed **********
[INFO ] 2025-07-05 20:03:21.046 [main] base.BaseTest::closeBrowser::29 - 'Edge' browser closed successfully.
[INFO ] 2025-07-05 20:03:22.782 [main] factory.DriverFactory::intializeDriver::49 - Edge browser launched.
[INFO ] 2025-07-05 20:03:22.930 [main] factory.DriverFactory::intializeDriver::62 - Browser maximised.
[INFO ] 2025-07-05 20:03:22.957 [main] factory.DriverFactory::intializeDriver::64 - Implicit wait set to 10 seconds.
[INFO ] 2025-07-05 20:03:22.963 [main] factory.DriverFactory::intializeDriver::66 - Page load timeout set to 10 seconds.
[INFO ] 2025-07-05 20:03:22.992 [main] factory.DriverFactory::intializeDriver::68 - All browser cookies deleted.
[INFO ] 2025-07-05 20:03:22.993 [main] factory.DriverFactory::intializeDriver::69 - WebDriver initialization complete.
[INFO ] 2025-07-05 20:03:22.994 [main] base.BaseTest::initializeBrowser::22 - Navigating to url: 'https://automationexercise.com/'
[INFO ] 2025-07-05 20:03:26.182 [main] listeners.ReportListeners::onTestStart::79 - ********** Execution of 'testToLoginBeforeCheckout' test has started **********
[INFO ] 2025-07-05 20:03:26.183 [main] listeners.ReportListeners::onTestStart::80 - Test description -'Test Case 16: Place Order: Login before Checkout'.
[INFO ] 2025-07-05 20:03:26.222 [main] pages.HomePage::isHomePageVisible::46 - Home page is visible.
[INFO ] 2025-07-05 20:03:27.242 [main] pages.NavigationBar::clickSignupLoginLink::33 - Clicked on Signup / Login Link.
[INFO ] 2025-07-05 20:03:27.646 [main] pages.SignupLoginPage::enterSignupName::171 - 'johndoe06' entered in the signup name text box.
[INFO ] 2025-07-05 20:03:27.837 [main] pages.SignupLoginPage::enterSignupEmail::185 - 'johndoe06@email.com' entered in the signup email text box.
[INFO ] 2025-07-05 20:03:27.978 [main] pages.SignupLoginPage::clickSignup::199 - Clicked on the Signup button.
[INFO ] 2025-07-05 20:03:29.958 [main] pages.SignupPage::selectTitle::48 - Clicked on the title: Mr
[INFO ] 2025-07-05 20:03:30.314 [main] pages.SignupPage::enterPassword::62 - 'johndoe' entered in the password text box.
[INFO ] 2025-07-05 20:03:30.581 [main] pages.SignupPage::selectDay::77 - '15' selected in the day dropdown list box.
[INFO ] 2025-07-05 20:03:30.747 [main] pages.SignupPage::selectMonth::92 - 'August' selected in the month dropdown list box.
[INFO ] 2025-07-05 20:03:31.144 [main] pages.SignupPage::selectYear::107 - '1990' selected in the year dropdown list box.
[INFO ] 2025-07-05 20:03:31.395 [main] pages.SignupPage::selectNewsLetter::122 - NewsLetter checkbox selected.
[INFO ] 2025-07-05 20:03:31.665 [main] pages.SignupPage::selectSpecialOffer::141 - Speical offer checkbox selected.
[INFO ] 2025-07-05 20:03:31.828 [main] pages.SignupPage::enterFirstName::159 - 'John' entered in the firstName text box.
[INFO ] 2025-07-05 20:03:32.005 [main] pages.SignupPage::enterLastName::173 - 'Doe' entered in the lastName text box.
[INFO ] 2025-07-05 20:03:32.297 [main] pages.SignupPage::enterCompany::187 - 'The Lawrence Company' entered in the company text box.
[INFO ] 2025-07-05 20:03:32.764 [main] pages.SignupPage::enterAddress1::201 - '1379, Spring Hill Rd' entered in the address1 text box.
[INFO ] 2025-07-05 20:03:32.993 [main] pages.SignupPage::enterAddress2::215 - 'Farend avenue' entered in the address2 text box.
[INFO ] 2025-07-05 20:03:33.177 [main] pages.SignupPage::selectCountry::230 - 'United States' selected in the country dropdown list box.
[INFO ] 2025-07-05 20:03:33.354 [main] pages.SignupPage::enterState::244 - 'AR' entered in the state text box.
[INFO ] 2025-07-05 20:03:33.557 [main] pages.SignupPage::enterCity::258 - 'Shreveport' entered in the city text box.
[INFO ] 2025-07-05 20:03:33.773 [main] pages.SignupPage::enterZipcode::272 - '50576' entered in the zipcode text box.
[INFO ] 2025-07-05 20:03:33.939 [main] pages.SignupPage::enterMobile::286 - '9999999999' entered in the mobile number text box.
[INFO ] 2025-07-05 20:03:34.133 [main] pages.SignupPage::clickCreateAccount::300 - Clicked on the Create Account button.
[INFO ] 2025-07-05 20:03:34.133 [main] pages.SignupPage::clickCreateAccount::302 - Navigating to Account created page.
[INFO ] 2025-07-05 20:03:38.560 [main] pages.AccountCreatedPage::clickContinue::53 - Clicked on the Continue button.
[INFO ] 2025-07-05 20:03:38.561 [main] pages.AccountCreatedPage::clickContinue::55 - Navigating to Home page.
[INFO ] 2025-07-05 20:03:40.036 [main] pages.NavigationBar::clickLogoutLink::108 - Clicked on Logout Link.
[INFO ] 2025-07-05 20:03:40.036 [main] pages.NavigationBar::clickLogoutLink::110 - Navigating to Signup / Login page.
[INFO ] 2025-07-05 20:03:42.080 [main] pages.SignupLoginPage::clickHomeLink::239 - Clicked on Home Link.
[INFO ] 2025-07-05 20:03:42.106 [main] pages.HomePage::isHomePageVisible::46 - Home page is visible.
[INFO ] 2025-07-05 20:03:44.328 [main] pages.NavigationBar::clickSignupLoginLink::33 - Clicked on Signup / Login Link.
[INFO ] 2025-07-05 20:03:44.659 [main] pages.SignupLoginPage::enterLoginEmail::64 - 'johndoe06@email.com' entered in the login email text box.
[INFO ] 2025-07-05 20:03:44.782 [main] pages.SignupLoginPage::enterLoginPassword::78 - 'johndoe' entered in the login password text box.
[INFO ] 2025-07-05 20:03:44.946 [main] pages.SignupLoginPage::clickLogin::92 - Clicked on the Login button.
[INFO ] 2025-07-05 20:03:49.344 [main] pages.NavigationBar::isLoggedInAsUsernameVisible::78 - 'Logged in as username' label is displayed on home page.
[INFO ] 2025-07-05 20:03:49.607 [main] pages.NavigationBar::getLoggedInAsUsernameText::92 - 'Logged in as username' text retrived is 'Logged in as johndoe06'.
[INFO ] 2025-07-05 20:03:51.131 [main] pages.NavigationBar::clickProductsLink::140 - Clicked on Products Link.
[INFO ] 2025-07-05 20:03:51.626 [main] pages.ProductsPage::addToCart::108 - Hovering over Product : 'Blue Top'.
[INFO ] 2025-07-05 20:03:51.821 [main] pages.ProductsPage::addToCart::114 - Clicked on Add to cart on product : 'Blue Top'.
[INFO ] 2025-07-05 20:03:52.344 [main] pages.ProductsPage::addToCart::117 - Clicked on continue shopping link.
[INFO ] 2025-07-05 20:03:52.375 [main] pages.ProductsPage::addToCart::120 - Products added to cart : '[Blue Top]'.
[INFO ] 2025-07-05 20:03:52.729 [main] pages.ProductsPage::addToCart::108 - Hovering over Product : 'Men Tshirt'.
[INFO ] 2025-07-05 20:03:52.908 [main] pages.ProductsPage::addToCart::114 - Clicked on Add to cart on product : 'Men Tshirt'.
[INFO ] 2025-07-05 20:03:53.283 [main] pages.ProductsPage::addToCart::117 - Clicked on continue shopping link.
[INFO ] 2025-07-05 20:03:53.297 [main] pages.ProductsPage::addToCart::120 - Products added to cart : '[Blue Top, Men Tshirt]'.
[INFO ] 2025-07-05 20:03:54.581 [main] pages.ProductsPage::clickCartLink::161 - Clicked on the Cart link.
[INFO ] 2025-07-05 20:03:54.630 [main] pages.CartPage::isCartPageVisible::45 - Cart page is visible.
[INFO ] 2025-07-05 20:03:55.956 [main] pages.CartPage::clickProceedToCheckout::138 - Clicked on Proceed To Checkout button.
[INFO ] 2025-07-05 20:03:55.999 [main] pages.CheckoutPage::getCustomerName::26 - Customer name text retrived is 'Mr. John Doe'.
[INFO ] 2025-07-05 20:03:56.131 [main] pages.CheckoutPage::getCustomerCompany::39 - Customer company name text retrived is 'The Lawrence Company'.
[INFO ] 2025-07-05 20:03:56.259 [main] pages.CheckoutPage::getCustomerAddress1::52 - Customer address1 text retrived is '1379, Spring Hill Rd'.
[INFO ] 2025-07-05 20:03:56.318 [main] pages.CheckoutPage::getCustomerAddress2::65 - Customer address2 text retrived is 'Farend avenue'.
[INFO ] 2025-07-05 20:03:56.391 [main] pages.CheckoutPage::getCustomerCityStateZip::78 - Customer City State Zipcode text retrived is 'Shreveport AR 50576'.
[INFO ] 2025-07-05 20:03:56.453 [main] pages.CheckoutPage::getCustomerCountry::91 - Customer country text retrived is 'United States'.
[INFO ] 2025-07-05 20:03:56.506 [main] pages.CheckoutPage::getCustomerMobile::104 - Customer mobile number text retrived is '9999999999'.
[INFO ] 2025-07-05 20:03:56.568 [main] pages.CheckoutPage::getProductPrice::147 - Price of 'Blue Top' is 'Rs. 500'.
[INFO ] 2025-07-05 20:03:56.628 [main] pages.CheckoutPage::getProductQuantity::162 - Quantity of 'Blue Top' is '1'.
[INFO ] 2025-07-05 20:03:56.686 [main] pages.CheckoutPage::getProductTotalAmount::177 - Total amount of 'Blue Top' is 'Rs. 500'.
[INFO ] 2025-07-05 20:03:56.760 [main] pages.CheckoutPage::getProductPrice::147 - Price of 'Men Tshirt' is 'Rs. 400'.
[INFO ] 2025-07-05 20:03:56.823 [main] pages.CheckoutPage::getProductQuantity::162 - Quantity of 'Men Tshirt' is '1'.
[INFO ] 2025-07-05 20:03:56.883 [main] pages.CheckoutPage::getProductTotalAmount::177 - Total amount of 'Men Tshirt' is 'Rs. 400'.
[INFO ] 2025-07-05 20:03:57.193 [main] pages.CheckoutPage::enterComment::118 - 'This is the sample comment on the checkoutpage.' entered in the comment text box.
[INFO ] 2025-07-05 20:03:58.328 [main] pages.CheckoutPage::clickPlaceOrder::132 - Clicked on Place Order button.
[INFO ] 2025-07-05 20:03:58.576 [main] pages.HomePage::enterNameOnCard::33 - 'John Doe' entered in the Name on card text box.
[INFO ] 2025-07-05 20:03:58.808 [main] pages.HomePage::enterCardNumber::47 - '6452789545625468' entered in the Card number text box.
[INFO ] 2025-07-05 20:03:58.993 [main] pages.HomePage::enterCvc::61 - '311' entered in the cvc text box.
[INFO ] 2025-07-05 20:03:59.159 [main] pages.HomePage::enterExpiryMonth::75 - '05' entered in the Expiry Month text box.
[INFO ] 2025-07-05 20:03:59.310 [main] pages.HomePage::enterExpiryYear::89 - '2026' entered in the Expiry Year text box.
[INFO ] 2025-07-05 20:03:59.482 [main] pages.HomePage::clickPayAndConfirmOrder::103 - Clicked on the Pay And Confirm Order button.
[INFO ] 2025-07-05 20:03:59.483 [main] pages.HomePage::clickPayAndConfirmOrder::104 - Navigating to Home page.
[INFO ] 2025-07-05 20:04:01.852 [main] pages.PaymentDonePage::isConfirmedMessageVisible::25 - Order confirmed message is displayed on the Payment done page
[INFO ] 2025-07-05 20:04:01.896 [main] pages.PaymentDonePage::getConfirmedMessageText::38 - Order confirmed message text retrived is 'Congratulations! Your order has been confirmed!'.
[INFO ] 2025-07-05 20:04:03.111 [main] pages.NavigationBar::clickDeleteAccountLink::47 - Clicked on Delete Account Link.
[INFO ] 2025-07-05 20:04:03.111 [main] pages.NavigationBar::clickDeleteAccountLink::49 - Navigating to Account deleted page.
[INFO ] 2025-07-05 20:04:04.845 [main] pages.AccountDeletedPage::clickContinue::53 - Clicked on the Continue button.
[INFO ] 2025-07-05 20:04:04.845 [main] pages.AccountDeletedPage::clickContinue::55 - Navigating to Home page.
[INFO ] 2025-07-05 20:04:04.879 [main] pages.HomePage::isHomePageVisible::46 - Home page is visible.
[INFO ] 2025-07-05 20:04:04.893 [main] listeners.ReportListeners::onTestSuccess::85 - ********** Execution of 'testToLoginBeforeCheckout' test has passed **********
[INFO ] 2025-07-05 20:04:05.342 [main] base.BaseTest::closeBrowser::29 - 'Edge' browser closed successfully.
[INFO ] 2025-07-05 20:04:07.152 [main] factory.DriverFactory::intializeDriver::49 - Edge browser launched.
[INFO ] 2025-07-05 20:04:07.297 [main] factory.DriverFactory::intializeDriver::62 - Browser maximised.
[INFO ] 2025-07-05 20:04:07.306 [main] factory.DriverFactory::intializeDriver::64 - Implicit wait set to 10 seconds.
[INFO ] 2025-07-05 20:04:07.315 [main] factory.DriverFactory::intializeDriver::66 - Page load timeout set to 10 seconds.
[INFO ] 2025-07-05 20:04:07.335 [main] factory.DriverFactory::intializeDriver::68 - All browser cookies deleted.
[INFO ] 2025-07-05 20:04:07.336 [main] factory.DriverFactory::intializeDriver::69 - WebDriver initialization complete.
[INFO ] 2025-07-05 20:04:07.336 [main] base.BaseTest::initializeBrowser::22 - Navigating to url: 'https://automationexercise.com/'
[INFO ] 2025-07-05 20:04:11.285 [main] listeners.ReportListeners::onTestStart::79 - ********** Execution of 'verifySubscriptionInCartPage' test has started **********
[INFO ] 2025-07-05 20:04:11.285 [main] listeners.ReportListeners::onTestStart::80 - Test description -'Test Case 11: Verify Subscription in Cart page'.
[INFO ] 2025-07-05 20:04:11.328 [main] pages.HomePage::isHomePageVisible::46 - Home page is visible.
[INFO ] 2025-07-05 20:04:12.571 [main] pages.HomePage::clickCartLink::60 - Clicked on Cart Link.
[INFO ] 2025-07-05 20:04:12.572 [main] pages.HomePage::clickCartLink::62 - Navigating to Cart page.
[INFO ] 2025-07-05 20:04:12.605 [main] pages.CartPage::scrollToFooter::58 - Scrolling to footer section.
[INFO ] 2025-07-05 20:04:12.626 [main] pages.ApplicationFooter::isSubscriptionLabelDisplayed::28 - 'Subscription' label is displayed on home page.
[INFO ] 2025-07-05 20:04:12.918 [main] pages.ApplicationFooter::getSubscriptionText::42 - Subscription label text retrived is 'SUBSCRIPTION'.
[INFO ] 2025-07-05 20:04:13.144 [main] pages.ApplicationFooter::enterSubscriptionEmail::71 - 'johndoe01@email.com' entered in the subscription email text box.
[INFO ] 2025-07-05 20:04:13.323 [main] pages.ApplicationFooter::clickArrowButton::57 - Clicked on Subscribe button.
[INFO ] 2025-07-05 20:04:13.355 [main] pages.ApplicationFooter::isSubscriptionSuccessLabelDisplayed::86 - Subscription success label is displayed on home page.
[INFO ] 2025-07-05 20:04:13.407 [main] pages.ApplicationFooter::getSubscriptionSuccessText::100 - Subscription success message text retrived is 'You have been successfully subscribed!'.
[INFO ] 2025-07-05 20:04:13.433 [main] listeners.ReportListeners::onTestSuccess::85 - ********** Execution of 'verifySubscriptionInCartPage' test has passed **********
[INFO ] 2025-07-05 20:04:14.128 [main] base.BaseTest::closeBrowser::29 - 'Edge' browser closed successfully.
[INFO ] 2025-07-05 20:04:16.048 [main] factory.DriverFactory::intializeDriver::49 - Edge browser launched.
[INFO ] 2025-07-05 20:04:16.164 [main] factory.DriverFactory::intializeDriver::62 - Browser maximised.
[INFO ] 2025-07-05 20:04:16.166 [main] factory.DriverFactory::intializeDriver::64 - Implicit wait set to 10 seconds.
[INFO ] 2025-07-05 20:04:16.171 [main] factory.DriverFactory::intializeDriver::66 - Page load timeout set to 10 seconds.
[INFO ] 2025-07-05 20:04:16.184 [main] factory.DriverFactory::intializeDriver::68 - All browser cookies deleted.
[INFO ] 2025-07-05 20:04:16.188 [main] factory.DriverFactory::intializeDriver::69 - WebDriver initialization complete.
[INFO ] 2025-07-05 20:04:16.188 [main] base.BaseTest::initializeBrowser::22 - Navigating to url: 'https://automationexercise.com/'
[INFO ] 2025-07-05 20:04:19.413 [main] listeners.ReportListeners::onTestStart::79 - ********** Execution of 'verifySubscriptionInHomePage' test has started **********
[INFO ] 2025-07-05 20:04:19.413 [main] listeners.ReportListeners::onTestStart::80 - Test description -'Test Case 10: Verify Subscription in home page'.
[INFO ] 2025-07-05 20:04:19.456 [main] pages.HomePage::isHomePageVisible::46 - Home page is visible.
[INFO ] 2025-07-05 20:04:19.545 [main] pages.HomePage::scrollToFooter::143 - Scrolling to footer section.
[INFO ] 2025-07-05 20:04:19.588 [main] pages.ApplicationFooter::isSubscriptionLabelDisplayed::28 - 'Subscription' label is displayed on home page.
[INFO ] 2025-07-05 20:04:19.654 [main] pages.ApplicationFooter::getSubscriptionText::42 - Subscription label text retrived is 'SUBSCRIPTION'.
[INFO ] 2025-07-05 20:04:20.054 [main] pages.ApplicationFooter::enterSubscriptionEmail::71 - 'johndoe01@email.com' entered in the subscription email text box.
[INFO ] 2025-07-05 20:04:20.280 [main] pages.ApplicationFooter::clickArrowButton::57 - Clicked on Subscribe button.
[INFO ] 2025-07-05 20:04:20.326 [main] pages.ApplicationFooter::isSubscriptionSuccessLabelDisplayed::86 - Subscription success label is displayed on home page.
[INFO ] 2025-07-05 20:04:20.534 [main] pages.ApplicationFooter::getSubscriptionSuccessText::100 - Subscription success message text retrived is 'You have been successfully subscribed!'.
[INFO ] 2025-07-05 20:04:20.585 [main] listeners.ReportListeners::onTestSuccess::85 - ********** Execution of 'verifySubscriptionInHomePage' test has passed **********
[INFO ] 2025-07-05 20:04:20.981 [main] base.BaseTest::closeBrowser::29 - 'Edge' browser closed successfully.
[INFO ] 2025-07-05 20:04:22.866 [main] factory.DriverFactory::intializeDriver::49 - Edge browser launched.
[INFO ] 2025-07-05 20:04:22.946 [main] factory.DriverFactory::intializeDriver::62 - Browser maximised.
[INFO ] 2025-07-05 20:04:22.949 [main] factory.DriverFactory::intializeDriver::64 - Implicit wait set to 10 seconds.
[INFO ] 2025-07-05 20:04:22.956 [main] factory.DriverFactory::intializeDriver::66 - Page load timeout set to 10 seconds.
[INFO ] 2025-07-05 20:04:23.015 [main] factory.DriverFactory::intializeDriver::68 - All browser cookies deleted.
[INFO ] 2025-07-05 20:04:23.015 [main] factory.DriverFactory::intializeDriver::69 - WebDriver initialization complete.
[INFO ] 2025-07-05 20:04:23.016 [main] base.BaseTest::initializeBrowser::22 - Navigating to url: 'https://automationexercise.com/'
[INFO ] 2025-07-05 20:04:26.247 [main] listeners.ReportListeners::onTestStart::79 - ********** Execution of 'testToVerifyTestCasesPage' test has started **********
[INFO ] 2025-07-05 20:04:26.247 [main] listeners.ReportListeners::onTestStart::80 - Test description -'Test Case 7: Verify Test Cases Page'.
[INFO ] 2025-07-05 20:04:27.513 [main] pages.NavigationBar::clickTestCasesLink::64 - Clicked on Test cases Link.
[INFO ] 2025-07-05 20:04:27.874 [main] pages.TestCasesPage::isOnTestCasesPage::25 - Test cases is visible.
[INFO ] 2025-07-05 20:04:27.892 [main] listeners.ReportListeners::onTestSuccess::85 - ********** Execution of 'testToVerifyTestCasesPage' test has passed **********
[INFO ] 2025-07-05 20:04:28.276 [main] base.BaseTest::closeBrowser::29 - 'Edge' browser closed successfully.
[INFO ] 2025-07-05 20:04:29.968 [main] factory.DriverFactory::intializeDriver::49 - Edge browser launched.
[INFO ] 2025-07-05 20:04:30.085 [main] factory.DriverFactory::intializeDriver::62 - Browser maximised.
[INFO ] 2025-07-05 20:04:30.096 [main] factory.DriverFactory::intializeDriver::64 - Implicit wait set to 10 seconds.
[INFO ] 2025-07-05 20:04:30.116 [main] factory.DriverFactory::intializeDriver::66 - Page load timeout set to 10 seconds.
[INFO ] 2025-07-05 20:04:30.137 [main] factory.DriverFactory::intializeDriver::68 - All browser cookies deleted.
[INFO ] 2025-07-05 20:04:30.138 [main] factory.DriverFactory::intializeDriver::69 - WebDriver initialization complete.
[INFO ] 2025-07-05 20:04:30.138 [main] base.BaseTest::initializeBrowser::22 - Navigating to url: 'https://automationexercise.com/'
[INFO ] 2025-07-05 20:04:33.314 [main] listeners.ReportListeners::onTestStart::79 - ********** Execution of 'testContactUsForm' test has started **********
[INFO ] 2025-07-05 20:04:33.314 [main] listeners.ReportListeners::onTestStart::80 - Test description -'Test Case 6: Contact Us Form'.
[INFO ] 2025-07-05 20:04:33.374 [main] pages.HomePage::isHomePageVisible::46 - Home page is visible.
[INFO ] 2025-07-05 20:04:34.529 [main] pages.NavigationBar::clickContactUsLink::124 - Clicked on Contact us Link.
[INFO ] 2025-07-05 20:04:34.530 [main] pages.NavigationBar::clickContactUsLink::126 - Navigating to Contact us page.
[INFO ] 2025-07-05 20:04:34.585 [main] pages.ContactUsPage::isGetInTouchLabelVisible::118 - Contact us form header is displayed on the Contact us page
[INFO ] 2025-07-05 20:04:34.762 [main] pages.ContactUsPage::getGetInTouchText::131 - Contact us form header text retrived is 'GET IN TOUCH'.
[INFO ] 2025-07-05 20:04:35.041 [main] pages.ContactUsPage::enterName::35 - 'john Doe' entered in the name text box.
[INFO ] 2025-07-05 20:04:35.250 [main] pages.ContactUsPage::enterEmail::49 - 'jackdoe@email.com' entered in the email text box.
[INFO ] 2025-07-05 20:04:35.475 [main] pages.ContactUsPage::enterSubject::63 - 'This is the sample Subject.' entered in the subject text box.
[INFO ] 2025-07-05 20:04:35.748 [main] pages.ContactUsPage::enterMessage::77 - 'This is the sample message body' entered in the Message text box.
[INFO ] 2025-07-05 20:04:35.825 [main] pages.ContactUsPage::enterFilePath::91 - 'C:\Software_Testing\Automation_Testing\github-projects\hybrid-selenium-automation-framework-automationexercise.com\eclipse-workspace\hybrid-selenium-automation-framework-automationexercise.com\src\test\resources\testData\Sample.txt' entered in the choose file text box.
[INFO ] 2025-07-05 20:04:35.963 [main] pages.ContactUsPage::clickSubmit::105 - Clicked on the Submit button.
[INFO ] 2025-07-05 20:04:35.963 [main] base.BasePage::getAlert::40 - Switching to Alert popup.
[INFO ] 2025-07-05 20:04:35.999 [main] base.BasePage::acceptAlert::53 - Clicked on 'Ok' on Alert popup.
[INFO ] 2025-07-05 20:04:36.035 [main] pages.ContactUsPage::isSuccessMessageVisible::163 - Success message is displayed on the Contact us page
[INFO ] 2025-07-05 20:04:36.095 [main] pages.ContactUsPage::getSuccessMessageText::176 - Success message text on Contact us page retrived is 'Success! Your details have been submitted successfully.'.
[INFO ] 2025-07-05 20:04:37.832 [main] pages.ContactUsPage::clickHome::150 - Clicked on the Home button.
[INFO ] 2025-07-05 20:04:37.858 [main] pages.HomePage::isHomePageVisible::46 - Home page is visible.
[INFO ] 2025-07-05 20:04:37.868 [main] listeners.ReportListeners::onTestSuccess::85 - ********** Execution of 'testContactUsForm' test has passed **********
[INFO ] 2025-07-05 20:04:38.184 [main] base.BaseTest::closeBrowser::29 - 'Edge' browser closed successfully.
[INFO ] 2025-07-05 20:04:39.016 [main] listeners.ReportListeners::onFinish::44 - ExtentReport generated : C:\Software_Testing\Automation_Testing\github-projects\hybrid-selenium-automation-framework-automationexercise.com\eclipse-workspace\hybrid-selenium-automation-framework-automationexercise.com\reports\ExecutionReport.html
[INFO ] 2025-07-05 20:04:40.248 [main] listeners.ReportListeners::onFinish::47 - Extent Report opened on the default browser.
